[debug] [2021-07-31T02:01:04.991Z] ----------------------------------------------------------------------
[debug] [2021-07-31T02:01:04.994Z] Command:       C:\Program Files (x86)\nodejs\node.exe C:\Users\Omar\AppData\Roaming\npm\node_modules\firebase-tools\lib\bin\firebase.js deploy
[debug] [2021-07-31T02:01:04.994Z] CLI Version:   9.16.0
[debug] [2021-07-31T02:01:04.994Z] Platform:      win32
[debug] [2021-07-31T02:01:04.994Z] Node Version:  v14.17.0
[debug] [2021-07-31T02:01:04.997Z] Time:          Fri Jul 30 2021 21:01:04 GMT-0500 (Central Daylight Time)
[debug] [2021-07-31T02:01:04.997Z] ----------------------------------------------------------------------
[debug] 
[debug] [2021-07-31T02:01:05.005Z] >>> [apiv2][query] GET https://firebase-public.firebaseio.com/cli.json [none]
[debug] [2021-07-31T02:01:05.103Z] > command requires scopes: ["email","openid","https://www.googleapis.com/auth/cloudplatformprojects.readonly","https://www.googleapis.com/auth/firebase","https://www.googleapis.com/auth/cloud-platform"]
[debug] [2021-07-31T02:01:05.104Z] > authorizing via signed-in user (omar.fi.wwr@gmail.com)
[debug] [2021-07-31T02:01:05.104Z] [iam] checking project escom-phone-groups for permissions ["firebase.projects.get","firebasehosting.sites.update"]
[debug] [2021-07-31T02:01:05.105Z] > refreshing access token with scopes: ["email","https://www.googleapis.com/auth/cloud-platform","https://www.googleapis.com/auth/cloudplatformprojects.readonly","https://www.googleapis.com/auth/firebase","openid"]
[debug] [2021-07-31T02:01:05.105Z] >>> HTTP REQUEST POST https://www.googleapis.com/oauth2/v3/token  
 <request body omitted>
[debug] [2021-07-31T02:01:07.432Z] <<< HTTP RESPONSE 200 {"expires":"Mon, 01 Jan 1990 00:00:00 GMT","pragma":"no-cache","cache-control":"no-cache, no-store, max-age=0, must-revalidate","date":"Sat, 31 Jul 2021 02:01:07 GMT","content-type":"application/json; charset=utf-8","vary":"X-Origin, Referer, Origin,Accept-Encoding","server":"scaffolding on HTTPServer2","x-xss-protection":"0","x-frame-options":"SAMEORIGIN","x-content-type-options":"nosniff","alt-svc":"h3=\":443\"; ma=2592000,h3-29=\":443\"; ma=2592000,h3-T051=\":443\"; ma=2592000,h3-Q050=\":443\"; ma=2592000,h3-Q046=\":443\"; ma=2592000,h3-Q043=\":443\"; ma=2592000,quic=\":443\"; ma=2592000; v=\"46,43\"","accept-ranges":"none","transfer-encoding":"chunked"}
[debug] [2021-07-31T02:01:07.464Z] >>> HTTP REQUEST POST https://cloudresourcemanager.googleapis.com/v1/projects/escom-phone-groups:testIamPermissions  
 {"permissions":["firebase.projects.get","firebasehosting.sites.update"]}
[debug] [2021-07-31T02:01:07.985Z] <<< [apiv2][status] GET https://firebase-public.firebaseio.com/cli.json 200
[debug] [2021-07-31T02:01:07.985Z] <<< [apiv2][body] GET https://firebase-public.firebaseio.com/cli.json {"cloudBuildErrorAfter":1594252800000,"cloudBuildWarnAfter":1590019200000,"defaultNode10After":1594252800000,"minVersion":"3.0.5","node8DeploysDisabledAfter":1613390400000,"node8RuntimeDisabledAfter":1615809600000,"node8WarnAfter":1600128000000}
[debug] [2021-07-31T02:01:09.012Z] <<< HTTP RESPONSE 200 {"content-type":"application/json; charset=UTF-8","vary":"X-Origin, Referer, Origin,Accept-Encoding","date":"Sat, 31 Jul 2021 02:01:08 GMT","server":"ESF","cache-control":"private","x-xss-protection":"0","x-frame-options":"SAMEORIGIN","x-content-type-options":"nosniff","server-timing":"gfet4t7; dur=218","alt-svc":"h3=\":443\"; ma=2592000,h3-29=\":443\"; ma=2592000,h3-T051=\":443\"; ma=2592000,h3-Q050=\":443\"; ma=2592000,h3-Q046=\":443\"; ma=2592000,h3-Q043=\":443\"; ma=2592000,quic=\":443\"; ma=2592000; v=\"46,43\"","accept-ranges":"none","transfer-encoding":"chunked"}
[debug] [2021-07-31T02:01:09.016Z] > refreshing access token with scopes: []
[debug] [2021-07-31T02:01:09.017Z] >>> HTTP REQUEST POST https://www.googleapis.com/oauth2/v3/token  
 <request body omitted>
[debug] [2021-07-31T02:01:10.184Z] <<< HTTP RESPONSE 200 {"pragma":"no-cache","expires":"Mon, 01 Jan 1990 00:00:00 GMT","cache-control":"no-cache, no-store, max-age=0, must-revalidate","date":"Sat, 31 Jul 2021 02:01:09 GMT","content-type":"application/json; charset=utf-8","vary":"X-Origin, Referer, Origin,Accept-Encoding","server":"scaffolding on HTTPServer2","x-xss-protection":"0","x-frame-options":"SAMEORIGIN","x-content-type-options":"nosniff","alt-svc":"h3=\":443\"; ma=2592000,h3-29=\":443\"; ma=2592000,h3-T051=\":443\"; ma=2592000,h3-Q050=\":443\"; ma=2592000,h3-Q046=\":443\"; ma=2592000,h3-Q043=\":443\"; ma=2592000,quic=\":443\"; ma=2592000; v=\"46,43\"","accept-ranges":"none","transfer-encoding":"chunked"}
[debug] [2021-07-31T02:01:10.202Z] >>> [apiv2][query] GET https://firebase.googleapis.com/v1beta1/projects/escom-phone-groups [none]
[debug] [2021-07-31T02:01:10.975Z] <<< [apiv2][status] GET https://firebase.googleapis.com/v1beta1/projects/escom-phone-groups 200
[debug] [2021-07-31T02:01:10.975Z] <<< [apiv2][body] GET https://firebase.googleapis.com/v1beta1/projects/escom-phone-groups {"projectId":"escom-phone-groups","projectNumber":"983239743525","displayName":"escom-phone-groups","name":"projects/escom-phone-groups","resources":{"hostingSite":"escom-phone-groups","realtimeDatabaseInstance":"escom-phone-groups-default-rtdb"},"state":"ACTIVE"}
[info] 
[info] === Deploying to 'escom-phone-groups'...
[info] 
[info] i  deploying hosting 
[debug] [2021-07-31T02:01:10.978Z] > refreshing access token with scopes: ["email","https://www.googleapis.com/auth/cloud-platform","https://www.googleapis.com/auth/cloudplatformprojects.readonly","https://www.googleapis.com/auth/firebase","openid"]
[debug] [2021-07-31T02:01:10.978Z] >>> HTTP REQUEST POST https://www.googleapis.com/oauth2/v3/token  
 <request body omitted>
[debug] [2021-07-31T02:01:11.864Z] <<< HTTP RESPONSE 200 {"date":"Sat, 31 Jul 2021 02:01:11 GMT","cache-control":"no-cache, no-store, max-age=0, must-revalidate","expires":"Mon, 01 Jan 1990 00:00:00 GMT","pragma":"no-cache","content-type":"application/json; charset=utf-8","vary":"X-Origin, Referer, Origin,Accept-Encoding","server":"scaffolding on HTTPServer2","x-xss-protection":"0","x-frame-options":"SAMEORIGIN","x-content-type-options":"nosniff","alt-svc":"h3=\":443\"; ma=2592000,h3-29=\":443\"; ma=2592000,h3-T051=\":443\"; ma=2592000,h3-Q050=\":443\"; ma=2592000,h3-Q046=\":443\"; ma=2592000,h3-Q043=\":443\"; ma=2592000,quic=\":443\"; ma=2592000; v=\"46,43\"","accept-ranges":"none","transfer-encoding":"chunked"}
[debug] [2021-07-31T02:01:11.891Z] >>> HTTP REQUEST POST https://firebasehosting.googleapis.com/v1beta1/sites/escom-phone-groups/versions  
 {"config":{"rewrites":[{"glob":"**","path":"/index.html"}]},"labels":{"deployment-tool":"cli-firebase"}}
[debug] [2021-07-31T02:01:13.626Z] <<< HTTP RESPONSE 200 {"content-type":"application/json; charset=UTF-8","vary":"X-Origin, Referer, Origin,Accept-Encoding","date":"Sat, 31 Jul 2021 02:01:13 GMT","server":"ESF","cache-control":"private","x-xss-protection":"0","x-frame-options":"SAMEORIGIN","x-content-type-options":"nosniff","alt-svc":"h3=\":443\"; ma=2592000,h3-29=\":443\"; ma=2592000,h3-T051=\":443\"; ma=2592000,h3-Q050=\":443\"; ma=2592000,h3-Q046=\":443\"; ma=2592000,h3-Q043=\":443\"; ma=2592000,quic=\":443\"; ma=2592000; v=\"46,43\"","accept-ranges":"none","transfer-encoding":"chunked"}
[info] i  hosting[escom-phone-groups]: beginning deploy... 
[info] i  hosting[escom-phone-groups]: found 15 files in dist 
[debug] [2021-07-31T02:01:13.891Z] > refreshing access token with scopes: []
[debug] [2021-07-31T02:01:13.892Z] >>> HTTP REQUEST POST https://www.googleapis.com/oauth2/v3/token  
 <request body omitted>
[debug] [2021-07-31T02:01:13.894Z] [hosting] hash cache [ZGlzdA] stored for 15 files
[debug] [2021-07-31T02:01:13.894Z] [hosting][hash queue][FINAL] {"max":246,"min":7,"avg":26.2,"active":0,"complete":15,"success":15,"errored":0,"retried":0,"total":15,"elapsed":253}
[debug] [2021-07-31T02:01:15.677Z] <<< HTTP RESPONSE 200 {"date":"Sat, 31 Jul 2021 02:01:15 GMT","cache-control":"no-cache, no-store, max-age=0, must-revalidate","pragma":"no-cache","expires":"Mon, 01 Jan 1990 00:00:00 GMT","content-type":"application/json; charset=utf-8","vary":"X-Origin, Referer, Origin,Accept-Encoding","server":"scaffolding on HTTPServer2","x-xss-protection":"0","x-frame-options":"SAMEORIGIN","x-content-type-options":"nosniff","alt-svc":"h3=\":443\"; ma=2592000,h3-29=\":443\"; ma=2592000,h3-T051=\":443\"; ma=2592000,h3-Q050=\":443\"; ma=2592000,h3-Q046=\":443\"; ma=2592000,h3-Q043=\":443\"; ma=2592000,quic=\":443\"; ma=2592000; v=\"46,43\"","accept-ranges":"none","transfer-encoding":"chunked"}
[debug] [2021-07-31T02:01:15.706Z] >>> [apiv2][query] POST https://firebasehosting.googleapis.com/v1beta1/sites/escom-phone-groups/versions/902bb97fd3c44a71:populateFiles [none]
[debug] [2021-07-31T02:01:15.707Z] >>> [apiv2][body] POST https://firebasehosting.googleapis.com/v1beta1/sites/escom-phone-groups/versions/902bb97fd3c44a71:populateFiles {"files":{"/hexagon-icon.png":"4243ecb38cae3252e4e44e714528c49af7ccd35be0361c152454aff2aa92f93a","/index.html":"b8aaffdf65cb2e5b458be027bf0cd0e14f39e719457487bb5bb4653dba128c1d","/favicon.ico":"d5451f0f0f0bcbcd433bbdf4f6e7e5d89d8ecce2650649e969ccb5e5cd499ab2","/img/btn-new-subject.7bde9eae.png":"dd665ba991160bd66e6a84a9384356f593c351c25aa014d834e1de739100c100","/css/app.c9b2f5fd.css":"2a712c83e2d7b0af02dcd6b1f58088c84aa7915413ea00bc0c8cdec00d89370d","/img/invitation.802b9801.svg":"c68b577dde316d4de0f882e0e23d3d589f7a2ae5dfc834fc30f7cf6d7e0ec4ce","/img/msg-chrome.20b1963b.png":"1c35b0da9eff0feb32bad5dba8bde1705e785c09aefb5f82db25a0100eef1b52","/img/options-subject.ce1f3cb3.png":"41dff49be1135842afd2c28100f939f8b2e2e363edfd481d54d055191b66d242","/js/app.a03a8c4f.js":"6c44c314752d604045386f47526c5b383170eb6e3731aebae5a0cd431fb9d759","/img/modal-new-group.ec1a36da.png":"ec894722ebc06cf9a47ce1ed361f0452d939241fd505842fb0f0adaa3a01c700","/img/modal-new-subject.9cdf1893.png":"61e330f893e3621434bed7fcfb272a2b33faa25260def5b15898c4e76708dcff","/img/profilePicture.84cbe060.png":"0a4bc7ff1ca47b5e49640bfb9b31b866acfc98c11b1b8c156ce1bfba942c2662","/js/app.a03a8c4f.js.map":"e848e81904203088c65d63c0c1f914e60ed4408ae7c322e5c74b2fd8fb7d4f82","/js/chunk-vendors.274c9b65.js":"d07e8020058fef715bb0028071c640f675831971ab15e42ad53a28ab29033e60","/js/chunk-vendors.274c9b65.js.map":"cf8668e9a30728fa39967f93026dfbb006683761406ca825f97ff06cc2483da3"}}
[debug] [2021-07-31T02:01:17.063Z] <<< [apiv2][status] POST https://firebasehosting.googleapis.com/v1beta1/sites/escom-phone-groups/versions/902bb97fd3c44a71:populateFiles 200
[debug] [2021-07-31T02:01:17.063Z] <<< [apiv2][body] POST https://firebasehosting.googleapis.com/v1beta1/sites/escom-phone-groups/versions/902bb97fd3c44a71:populateFiles {"uploadRequiredHashes":["dd665ba991160bd66e6a84a9384356f593c351c25aa014d834e1de739100c100","1c35b0da9eff0feb32bad5dba8bde1705e785c09aefb5f82db25a0100eef1b52","4243ecb38cae3252e4e44e714528c49af7ccd35be0361c152454aff2aa92f93a","e848e81904203088c65d63c0c1f914e60ed4408ae7c322e5c74b2fd8fb7d4f82","41dff49be1135842afd2c28100f939f8b2e2e363edfd481d54d055191b66d242","2a712c83e2d7b0af02dcd6b1f58088c84aa7915413ea00bc0c8cdec00d89370d","b8aaffdf65cb2e5b458be027bf0cd0e14f39e719457487bb5bb4653dba128c1d","ec894722ebc06cf9a47ce1ed361f0452d939241fd505842fb0f0adaa3a01c700","61e330f893e3621434bed7fcfb272a2b33faa25260def5b15898c4e76708dcff","6c44c314752d604045386f47526c5b383170eb6e3731aebae5a0cd431fb9d759"],"uploadUrl":"https://upload-firebasehosting.googleapis.com/upload/sites/escom-phone-groups/versions/902bb97fd3c44a71/files"}
[debug] [2021-07-31T02:01:17.066Z] >>> [apiv2][query] POST https://upload-firebasehosting.googleapis.com/upload/sites/escom-phone-groups/versions/902bb97fd3c44a71/files/dd665ba991160bd66e6a84a9384356f593c351c25aa014d834e1de739100c100 [none]
[debug] [2021-07-31T02:01:17.066Z] >>> [apiv2][body] POST https://upload-firebasehosting.googleapis.com/upload/sites/escom-phone-groups/versions/902bb97fd3c44a71/files/dd665ba991160bd66e6a84a9384356f593c351c25aa014d834e1de739100c100 [stream]
[debug] [2021-07-31T02:01:17.068Z] >>> [apiv2][query] POST https://upload-firebasehosting.googleapis.com/upload/sites/escom-phone-groups/versions/902bb97fd3c44a71/files/1c35b0da9eff0feb32bad5dba8bde1705e785c09aefb5f82db25a0100eef1b52 [none]
[debug] [2021-07-31T02:01:17.068Z] >>> [apiv2][body] POST https://upload-firebasehosting.googleapis.com/upload/sites/escom-phone-groups/versions/902bb97fd3c44a71/files/1c35b0da9eff0feb32bad5dba8bde1705e785c09aefb5f82db25a0100eef1b52 [stream]
[debug] [2021-07-31T02:01:17.069Z] >>> [apiv2][query] POST https://upload-firebasehosting.googleapis.com/upload/sites/escom-phone-groups/versions/902bb97fd3c44a71/files/4243ecb38cae3252e4e44e714528c49af7ccd35be0361c152454aff2aa92f93a [none]
[debug] [2021-07-31T02:01:17.069Z] >>> [apiv2][body] POST https://upload-firebasehosting.googleapis.com/upload/sites/escom-phone-groups/versions/902bb97fd3c44a71/files/4243ecb38cae3252e4e44e714528c49af7ccd35be0361c152454aff2aa92f93a [stream]
[debug] [2021-07-31T02:01:17.070Z] >>> [apiv2][query] POST https://upload-firebasehosting.googleapis.com/upload/sites/escom-phone-groups/versions/902bb97fd3c44a71/files/e848e81904203088c65d63c0c1f914e60ed4408ae7c322e5c74b2fd8fb7d4f82 [none]
[debug] [2021-07-31T02:01:17.070Z] >>> [apiv2][body] POST https://upload-firebasehosting.googleapis.com/upload/sites/escom-phone-groups/versions/902bb97fd3c44a71/files/e848e81904203088c65d63c0c1f914e60ed4408ae7c322e5c74b2fd8fb7d4f82 [stream]
[debug] [2021-07-31T02:01:17.070Z] >>> [apiv2][query] POST https://upload-firebasehosting.googleapis.com/upload/sites/escom-phone-groups/versions/902bb97fd3c44a71/files/41dff49be1135842afd2c28100f939f8b2e2e363edfd481d54d055191b66d242 [none]
[debug] [2021-07-31T02:01:17.071Z] >>> [apiv2][body] POST https://upload-firebasehosting.googleapis.com/upload/sites/escom-phone-groups/versions/902bb97fd3c44a71/files/41dff49be1135842afd2c28100f939f8b2e2e363edfd481d54d055191b66d242 [stream]
[debug] [2021-07-31T02:01:17.071Z] >>> [apiv2][query] POST https://upload-firebasehosting.googleapis.com/upload/sites/escom-phone-groups/versions/902bb97fd3c44a71/files/2a712c83e2d7b0af02dcd6b1f58088c84aa7915413ea00bc0c8cdec00d89370d [none]
[debug] [2021-07-31T02:01:17.071Z] >>> [apiv2][body] POST https://upload-firebasehosting.googleapis.com/upload/sites/escom-phone-groups/versions/902bb97fd3c44a71/files/2a712c83e2d7b0af02dcd6b1f58088c84aa7915413ea00bc0c8cdec00d89370d [stream]
[debug] [2021-07-31T02:01:17.072Z] >>> [apiv2][query] POST https://upload-firebasehosting.googleapis.com/upload/sites/escom-phone-groups/versions/902bb97fd3c44a71/files/b8aaffdf65cb2e5b458be027bf0cd0e14f39e719457487bb5bb4653dba128c1d [none]
[debug] [2021-07-31T02:01:17.072Z] >>> [apiv2][body] POST https://upload-firebasehosting.googleapis.com/upload/sites/escom-phone-groups/versions/902bb97fd3c44a71/files/b8aaffdf65cb2e5b458be027bf0cd0e14f39e719457487bb5bb4653dba128c1d [stream]
[debug] [2021-07-31T02:01:17.072Z] >>> [apiv2][query] POST https://upload-firebasehosting.googleapis.com/upload/sites/escom-phone-groups/versions/902bb97fd3c44a71/files/ec894722ebc06cf9a47ce1ed361f0452d939241fd505842fb0f0adaa3a01c700 [none]
[debug] [2021-07-31T02:01:17.072Z] >>> [apiv2][body] POST https://upload-firebasehosting.googleapis.com/upload/sites/escom-phone-groups/versions/902bb97fd3c44a71/files/ec894722ebc06cf9a47ce1ed361f0452d939241fd505842fb0f0adaa3a01c700 [stream]
[debug] [2021-07-31T02:01:17.075Z] >>> [apiv2][query] POST https://upload-firebasehosting.googleapis.com/upload/sites/escom-phone-groups/versions/902bb97fd3c44a71/files/61e330f893e3621434bed7fcfb272a2b33faa25260def5b15898c4e76708dcff [none]
[debug] [2021-07-31T02:01:17.075Z] >>> [apiv2][body] POST https://upload-firebasehosting.googleapis.com/upload/sites/escom-phone-groups/versions/902bb97fd3c44a71/files/61e330f893e3621434bed7fcfb272a2b33faa25260def5b15898c4e76708dcff [stream]
[debug] [2021-07-31T02:01:17.076Z] >>> [apiv2][query] POST https://upload-firebasehosting.googleapis.com/upload/sites/escom-phone-groups/versions/902bb97fd3c44a71/files/6c44c314752d604045386f47526c5b383170eb6e3731aebae5a0cd431fb9d759 [none]
[debug] [2021-07-31T02:01:17.076Z] >>> [apiv2][body] POST https://upload-firebasehosting.googleapis.com/upload/sites/escom-phone-groups/versions/902bb97fd3c44a71/files/6c44c314752d604045386f47526c5b383170eb6e3731aebae5a0cd431fb9d759 [stream]
[debug] [2021-07-31T02:01:17.076Z] [hosting][populate queue][FINAL] {"max":3175,"min":3175,"avg":3175,"active":0,"complete":1,"success":1,"errored":0,"retried":0,"total":1,"elapsed":3185}
[debug] [2021-07-31T02:01:17.077Z] [hosting] uploads queued: 10
[debug] [2021-07-31T02:01:19.773Z] <<< [apiv2][status] POST https://upload-firebasehosting.googleapis.com/upload/sites/escom-phone-groups/versions/902bb97fd3c44a71/files/4243ecb38cae3252e4e44e714528c49af7ccd35be0361c152454aff2aa92f93a 200
[debug] [2021-07-31T02:01:19.774Z] <<< [apiv2][body] POST https://upload-firebasehosting.googleapis.com/upload/sites/escom-phone-groups/versions/902bb97fd3c44a71/files/4243ecb38cae3252e4e44e714528c49af7ccd35be0361c152454aff2aa92f93a [stream]
[debug] [2021-07-31T02:01:20.076Z] <<< [apiv2][status] POST https://upload-firebasehosting.googleapis.com/upload/sites/escom-phone-groups/versions/902bb97fd3c44a71/files/41dff49be1135842afd2c28100f939f8b2e2e363edfd481d54d055191b66d242 200
[debug] [2021-07-31T02:01:20.077Z] <<< [apiv2][body] POST https://upload-firebasehosting.googleapis.com/upload/sites/escom-phone-groups/versions/902bb97fd3c44a71/files/41dff49be1135842afd2c28100f939f8b2e2e363edfd481d54d055191b66d242 [stream]
[debug] [2021-07-31T02:01:20.099Z] <<< [apiv2][status] POST https://upload-firebasehosting.googleapis.com/upload/sites/escom-phone-groups/versions/902bb97fd3c44a71/files/2a712c83e2d7b0af02dcd6b1f58088c84aa7915413ea00bc0c8cdec00d89370d 200
[debug] [2021-07-31T02:01:20.100Z] <<< [apiv2][body] POST https://upload-firebasehosting.googleapis.com/upload/sites/escom-phone-groups/versions/902bb97fd3c44a71/files/2a712c83e2d7b0af02dcd6b1f58088c84aa7915413ea00bc0c8cdec00d89370d [stream]
[debug] [2021-07-31T02:01:20.245Z] <<< [apiv2][status] POST https://upload-firebasehosting.googleapis.com/upload/sites/escom-phone-groups/versions/902bb97fd3c44a71/files/b8aaffdf65cb2e5b458be027bf0cd0e14f39e719457487bb5bb4653dba128c1d 200
[debug] [2021-07-31T02:01:20.246Z] <<< [apiv2][body] POST https://upload-firebasehosting.googleapis.com/upload/sites/escom-phone-groups/versions/902bb97fd3c44a71/files/b8aaffdf65cb2e5b458be027bf0cd0e14f39e719457487bb5bb4653dba128c1d [stream]
[debug] [2021-07-31T02:01:25.308Z] <<< [apiv2][status] POST https://upload-firebasehosting.googleapis.com/upload/sites/escom-phone-groups/versions/902bb97fd3c44a71/files/ec894722ebc06cf9a47ce1ed361f0452d939241fd505842fb0f0adaa3a01c700 200
[debug] [2021-07-31T02:01:25.308Z] <<< [apiv2][body] POST https://upload-firebasehosting.googleapis.com/upload/sites/escom-phone-groups/versions/902bb97fd3c44a71/files/ec894722ebc06cf9a47ce1ed361f0452d939241fd505842fb0f0adaa3a01c700 [stream]
[debug] [2021-07-31T02:01:29.465Z] <<< [apiv2][status] POST https://upload-firebasehosting.googleapis.com/upload/sites/escom-phone-groups/versions/902bb97fd3c44a71/files/dd665ba991160bd66e6a84a9384356f593c351c25aa014d834e1de739100c100 200
[debug] [2021-07-31T02:01:29.466Z] <<< [apiv2][body] POST https://upload-firebasehosting.googleapis.com/upload/sites/escom-phone-groups/versions/902bb97fd3c44a71/files/dd665ba991160bd66e6a84a9384356f593c351c25aa014d834e1de739100c100 [stream]
